<?xml version="1.0" encoding="UTF-8"?>
<!-- Generated by org.testng.reporters.JUnitXMLReporter -->
<testsuite ignored="0" hostname="AkbaraliN.local" failures="0" tests="4" name="FirstTest" time="0.05" errors="0" timestamp="2021-12-29T20:28:32 IST">
  <testcase classname="FrameworkSessionone.ClassA" name="Sampleone" time="0.005"/>
  <testcase classname="FrameworkSessionone.ClassA" name="Sampletwo" time="0.001"/>
  <testcase classname="FrameworkSessionone.ClassB" name="MethodB" time="0.0"/>
  <testcase classname="FrameworkSessionone.ClassB" name="demo" time="0.001"/>
</testsuite> <!-- FirstTest -->
