<?xml version="1.0" encoding="UTF-8"?>
<!-- Generated by org.testng.reporters.JUnitXMLReporter -->
<testsuite ignored="2" hostname="AkbaraliN.local" failures="0" tests="2" name="GroupingConcept" time="0.033" errors="0" timestamp="2022-01-03T17:10:24 IST">
  <testcase classname="FrameworkSessionone.Excercise" name="Addition" time="0.005"/>
  <testcase classname="FrameworkSessionone.Excercise" name="Multiplication" time="0.001"/>
  <testcase classname="FrameworkSessionone.Excercise" name="Substraction" time="0.0">
    <ignored/>
  </testcase> <!-- Substraction -->
  <testcase classname="FrameworkSessionone.Excercise" name="Division" time="0.0">
    <ignored/>
  </testcase> <!-- Division -->
</testsuite> <!-- GroupingConcept -->
