<?xml version="1.0" encoding="UTF-8"?>
<!-- Generated by org.testng.reporters.JUnitXMLReporter -->
<testsuite ignored="0" hostname="AkbaraliN.local" failures="0" tests="15" name="Invocation" time="0.051" errors="0" timestamp="2022-01-09T11:33:02 IST">
  <testcase classname="FrameworkSessionone.Invocation" name="compnydetail" time="0.007"/>
  <testcase classname="FrameworkSessionone.Invocation" name="compnydetail" time="0.001"/>
  <testcase classname="FrameworkSessionone.Invocation" name="compnydetail" time="0.001"/>
  <testcase classname="FrameworkSessionone.Invocation" name="compnydetail" time="0.0"/>
  <testcase classname="FrameworkSessionone.Invocation" name="compnydetail" time="0.001"/>
  <testcase classname="FrameworkSessionone.Invocation" name="compnydetail" time="0.0"/>
  <testcase classname="FrameworkSessionone.Invocation" name="compnydetail" time="0.001"/>
  <testcase classname="FrameworkSessionone.Invocation" name="compnydetail" time="0.0"/>
  <testcase classname="FrameworkSessionone.Invocation" name="compnydetail" time="0.001"/>
  <testcase classname="FrameworkSessionone.Invocation" name="compnydetail" time="0.0"/>
  <testcase classname="FrameworkSessionone.Invocation" name="empdetail" time="0.001"/>
  <testcase classname="FrameworkSessionone.Invocation" name="empdetail" time="0.001"/>
  <testcase classname="FrameworkSessionone.Invocation" name="empdetail" time="0.001"/>
  <testcase classname="FrameworkSessionone.Invocation" name="empdetail" time="0.0"/>
  <testcase classname="FrameworkSessionone.Invocation" name="empdetail" time="0.0"/>
</testsuite> <!-- Invocation -->
