<?xml version="1.0" encoding="UTF-8"?>
<!-- Generated by org.testng.reporters.JUnitXMLReporter -->
<testsuite ignored="1" hostname="AkbaraliN.local" failures="0" tests="1" name="ParameteriseTest" time="0.055" errors="0" timestamp="2022-01-03T15:59:50 IST">
  <testcase classname="FrameworkSessionone.Parameter" name="sum" time="0.021"/>
  <testcase classname="FrameworkSessionone.Parameter" name="parametertest" time="0.0">
    <ignored/>
  </testcase> <!-- parametertest -->
</testsuite> <!-- ParameteriseTest -->
