<?xml version="1.0" encoding="UTF-8"?>
<!-- Generated by org.testng.reporters.JUnitXMLReporter -->
<testsuite ignored="2" hostname="AkbaraliN.local" failures="0" tests="2" name="SecondTest" time="0.033" errors="0" timestamp="2021-12-30T19:57:14 IST">
  <testcase classname="FrameworkSessionone.GroupingConcept" name="Methodone" time="0.005"/>
  <testcase classname="FrameworkSessionone.GroupingConcept" name="Methodfour" time="0.001"/>
  <testcase classname="FrameworkSessionone.GroupingConcept" name="Methodthree" time="0.0">
    <ignored/>
  </testcase> <!-- Methodthree -->
  <testcase classname="FrameworkSessionone.GroupingConcept" name="Methodtwo" time="0.0">
    <ignored/>
  </testcase> <!-- Methodtwo -->
</testsuite> <!-- SecondTest -->
