<?xml version="1.0" encoding="UTF-8"?>
<testng-results ignored="0" total="2" passed="2" failed="0" skipped="0">
  <reporter-output>
  </reporter-output>
  <suite started-at="2022-06-06T18:02:30 IST" name="Suite" finished-at="2022-06-06T18:02:30 IST" duration-ms="20">
    <groups>
    </groups>
    <test started-at="2022-06-06T18:02:30 IST" name="AnnotationVerify" finished-at="2022-06-06T18:02:30 IST" duration-ms="20">
      <class name="TestngBasic.BeforandAfterAnnotation">
        <test-method is-config="true" signature="beforesuite()[pri:0, instance:TestngBasic.BeforandAfterAnnotation@4c39bec8]" started-at="2022-06-06T18:02:30 IST" name="beforesuite" finished-at="2022-06-06T18:02:30 IST" duration-ms="6" status="PASS">
          <reporter-output>
          </reporter-output>
        </test-method> <!-- beforesuite -->
        <test-method signature="print()[pri:0, instance:TestngBasic.BeforandAfterAnnotation@4c39bec8]" started-at="2022-06-06T18:02:30 IST" name="print" finished-at="2022-06-06T18:02:30 IST" duration-ms="1" status="PASS">
          <reporter-output>
          </reporter-output>
        </test-method> <!-- print -->
        <test-method is-config="true" signature="aftermethod()[pri:0, instance:TestngBasic.BeforandAfterAnnotation@4c39bec8]" started-at="2022-06-06T18:02:30 IST" name="aftermethod" finished-at="2022-06-06T18:02:30 IST" duration-ms="0" status="PASS">
          <reporter-output>
          </reporter-output>
        </test-method> <!-- aftermethod -->
        <test-method signature="sum()[pri:0, instance:TestngBasic.BeforandAfterAnnotation@4c39bec8]" started-at="2022-06-06T18:02:30 IST" name="sum" finished-at="2022-06-06T18:02:30 IST" duration-ms="1" status="PASS">
          <reporter-output>
          </reporter-output>
        </test-method> <!-- sum -->
        <test-method is-config="true" signature="aftermethod()[pri:0, instance:TestngBasic.BeforandAfterAnnotation@4c39bec8]" started-at="2022-06-06T18:02:30 IST" name="aftermethod" finished-at="2022-06-06T18:02:30 IST" duration-ms="0" status="PASS">
          <reporter-output>
          </reporter-output>
        </test-method> <!-- aftermethod -->
        <test-method is-config="true" signature="afterclass()[pri:0, instance:TestngBasic.BeforandAfterAnnotation@4c39bec8]" started-at="2022-06-06T18:02:30 IST" name="afterclass" finished-at="2022-06-06T18:02:30 IST" duration-ms="0" status="PASS">
          <reporter-output>
          </reporter-output>
        </test-method> <!-- afterclass -->
        <test-method is-config="true" signature="aftertest()[pri:0, instance:TestngBasic.BeforandAfterAnnotation@4c39bec8]" started-at="2022-06-06T18:02:30 IST" name="aftertest" finished-at="2022-06-06T18:02:30 IST" duration-ms="0" status="PASS">
          <reporter-output>
          </reporter-output>
        </test-method> <!-- aftertest -->
        <test-method is-config="true" signature="aftersuite()[pri:0, instance:TestngBasic.BeforandAfterAnnotation@4c39bec8]" started-at="2022-06-06T18:02:30 IST" name="aftersuite" finished-at="2022-06-06T18:02:30 IST" duration-ms="0" status="PASS">
          <reporter-output>
          </reporter-output>
        </test-method> <!-- aftersuite -->
      </class> <!-- TestngBasic.BeforandAfterAnnotation -->
    </test> <!-- AnnotationVerify -->
  </suite> <!-- Suite -->
</testng-results>
